[2019-09-19 15:28:31.124] INFO [main] AbstractTestContextBootstrapper.java:308 - Neither @ContextConfiguration nor @ContextHierarchy found for test class [com.nb.NbWaterMeterCollectionApplicationTests], using SpringBootContextLoader
[2019-09-19 15:28:31.131] INFO [main] AbstractContextLoader.java:264 - Could not detect default resource locations for test class [com.nb.NbWaterMeterCollectionApplicationTests]: no resource found for suffixes {-context.xml, Context.groovy}.
[2019-09-19 15:28:31.436] INFO [main] AbstractTestContextBootstrapper.java:248 - Loaded default TestExecutionListener class names from location [META-INF/spring.factories]: [org.springframework.boot.test.mock.mockito.MockitoTestExecutionListener, org.springframework.boot.test.mock.mockito.ResetMocksTestExecutionListener, org.springframework.boot.test.autoconfigure.restdocs.RestDocsTestExecutionListener, org.springframework.boot.test.autoconfigure.web.client.MockRestServiceServerResetTestExecutionListener, org.springframework.boot.test.autoconfigure.web.servlet.MockMvcPrintOnlyOnFailureTestExecutionListener, org.springframework.boot.test.autoconfigure.web.servlet.WebDriverTestExecutionListener, org.springframework.test.context.web.ServletTestExecutionListener, org.springframework.test.context.support.DirtiesContextBeforeModesTestExecutionListener, org.springframework.test.context.support.DependencyInjectionTestExecutionListener, org.springframework.test.context.support.DirtiesContextTestExecutionListener, org.springframework.test.context.transaction.TransactionalTestExecutionListener, org.springframework.test.context.jdbc.SqlScriptsTestExecutionListener]
[2019-09-19 15:28:31.469] INFO [main] AbstractTestContextBootstrapper.java:177 - Using TestExecutionListeners: [org.springframework.test.context.web.ServletTestExecutionListener@6b2ea799, org.springframework.test.context.support.DirtiesContextBeforeModesTestExecutionListener@411f53a0, org.springframework.boot.test.mock.mockito.MockitoTestExecutionListener@2b71e916, org.springframework.boot.test.autoconfigure.SpringBootDependencyInjectionTestExecutionListener@36fc695d, org.springframework.test.context.support.DirtiesContextTestExecutionListener@28701274, org.springframework.test.context.transaction.TransactionalTestExecutionListener@13c9d689, org.springframework.test.context.jdbc.SqlScriptsTestExecutionListener@3754a4bf, org.springframework.boot.test.mock.mockito.ResetMocksTestExecutionListener@62379589, org.springframework.boot.test.autoconfigure.restdocs.RestDocsTestExecutionListener@4afcd809, org.springframework.boot.test.autoconfigure.web.client.MockRestServiceServerResetTestExecutionListener@175c2241, org.springframework.boot.test.autoconfigure.web.servlet.MockMvcPrintOnlyOnFailureTestExecutionListener@5bf0d49, org.springframework.boot.test.autoconfigure.web.servlet.WebDriverTestExecutionListener@5b7a5baa]
[2019-09-19 15:28:34.031] INFO [main] RepositoryConfigurationDelegate.java:244 - Multiple Spring Data modules found, entering strict repository configuration mode!
[2019-09-19 15:28:34.035] INFO [main] RepositoryConfigurationDelegate.java:126 - Bootstrapping Spring Data repositories in DEFAULT mode.
[2019-09-19 15:28:34.134] INFO [main] RepositoryConfigurationDelegate.java:182 - Finished Spring Data repository scanning in 81ms. Found 0 repository interfaces.
[2019-09-19 15:28:34.928] INFO [main] PostProcessorRegistrationDelegate.java:330 - Bean 'org.springframework.transaction.annotation.ProxyTransactionManagementConfiguration' of type [org.springframework.transaction.annotation.ProxyTransactionManagementConfiguration$$EnhancerBySpringCGLIB$$c38bc41b] is not eligible for getting processed by all BeanPostProcessors (for example: not eligible for auto-proxying)
[2019-09-19 15:28:50.461] INFO [main] DruidDataSource.java:947 - {dataSource-1} inited
[2019-09-19 15:28:50.624] INFO [main] StdSchedulerFactory.java:1208 - Using default implementation for ThreadExecutor
[2019-09-19 15:28:50.647] INFO [main] SchedulerSignalerImpl.java:61 - Initialized Scheduler Signaller of type: class org.quartz.core.SchedulerSignalerImpl
[2019-09-19 15:28:50.648] INFO [main] QuartzScheduler.java:229 - Quartz Scheduler v.2.3.0 created.
[2019-09-19 15:28:50.649] INFO [main] RAMJobStore.java:155 - RAMJobStore initialized.
[2019-09-19 15:28:50.651] INFO [main] QuartzScheduler.java:294 - Scheduler meta-data: Quartz Scheduler (v2.3.0) 'quartzScheduler' with instanceId 'NON_CLUSTERED'
  Scheduler class: 'org.quartz.core.QuartzScheduler' - running locally.
  NOT STARTED.
  Currently in standby mode.
  Number of jobs executed: 0
  Using thread pool 'org.quartz.simpl.SimpleThreadPool' - with 10 threads.
  Using job-store 'org.quartz.simpl.RAMJobStore' - which does not support persistence. and is not clustered.

[2019-09-19 15:28:50.651] INFO [main] StdSchedulerFactory.java:1362 - Quartz scheduler 'quartzScheduler' initialized from an externally provided properties instance.
[2019-09-19 15:28:50.652] INFO [main] StdSchedulerFactory.java:1366 - Quartz scheduler version: 2.3.0
[2019-09-19 15:28:50.652] INFO [main] QuartzScheduler.java:2287 - JobFactory set to: org.springframework.scheduling.quartz.SpringBeanJobFactory@213c3543
[2019-09-19 15:28:50.793] INFO [main] DruidConfig.java:174 - dao层扫描包为:com/nb/mapper/*/*.xml
[2019-09-19 15:28:54.269] INFO [main] ExecutorConfigurationSupport.java:171 - Initializing ExecutorService 'applicationTaskExecutor'
[2019-09-19 15:28:55.324] INFO [main] ExecutorConfigurationSupport.java:171 - Initializing ExecutorService 'taskScheduler'
[2019-09-19 15:28:55.467] INFO [main] SchedulerFactoryBean.java:726 - Starting Quartz Scheduler now
[2019-09-19 15:28:55.468] INFO [main] QuartzScheduler.java:547 - Scheduler quartzScheduler_$_NON_CLUSTERED started.
[2019-09-19 15:28:56.178] INFO [Thread-2] QuartzScheduler.java:585 - Scheduler quartzScheduler_$_NON_CLUSTERED paused.
[2019-09-19 15:28:56.179] INFO [Thread-2] ExecutorConfigurationSupport.java:208 - Shutting down ExecutorService 'taskScheduler'
[2019-09-19 15:28:56.180] INFO [Thread-2] ExecutorConfigurationSupport.java:208 - Shutting down ExecutorService 'applicationTaskExecutor'
[2019-09-19 15:28:56.505] INFO [Thread-2] SchedulerFactoryBean.java:844 - Shutting down Quartz Scheduler
[2019-09-19 15:28:56.506] INFO [Thread-2] QuartzScheduler.java:666 - Scheduler quartzScheduler_$_NON_CLUSTERED shutting down.
[2019-09-19 15:28:56.506] INFO [Thread-2] QuartzScheduler.java:585 - Scheduler quartzScheduler_$_NON_CLUSTERED paused.
[2019-09-19 15:28:56.507] INFO [Thread-2] QuartzScheduler.java:740 - Scheduler quartzScheduler_$_NON_CLUSTERED shutdown complete.
[2019-09-19 15:28:56.508] INFO [Thread-2] DruidDataSource.java:1863 - {dataSource-1} closed
[2019-09-19 15:31:18.696] INFO [main] AbstractTestContextBootstrapper.java:308 - Neither @ContextConfiguration nor @ContextHierarchy found for test class [com.nb.NbWaterMeterCollectionApplicationTests], using SpringBootContextLoader
[2019-09-19 15:31:18.702] INFO [main] AbstractContextLoader.java:264 - Could not detect default resource locations for test class [com.nb.NbWaterMeterCollectionApplicationTests]: no resource found for suffixes {-context.xml, Context.groovy}.
[2019-09-19 15:31:18.951] INFO [main] AbstractTestContextBootstrapper.java:248 - Loaded default TestExecutionListener class names from location [META-INF/spring.factories]: [org.springframework.boot.test.mock.mockito.MockitoTestExecutionListener, org.springframework.boot.test.mock.mockito.ResetMocksTestExecutionListener, org.springframework.boot.test.autoconfigure.restdocs.RestDocsTestExecutionListener, org.springframework.boot.test.autoconfigure.web.client.MockRestServiceServerResetTestExecutionListener, org.springframework.boot.test.autoconfigure.web.servlet.MockMvcPrintOnlyOnFailureTestExecutionListener, org.springframework.boot.test.autoconfigure.web.servlet.WebDriverTestExecutionListener, org.springframework.test.context.web.ServletTestExecutionListener, org.springframework.test.context.support.DirtiesContextBeforeModesTestExecutionListener, org.springframework.test.context.support.DependencyInjectionTestExecutionListener, org.springframework.test.context.support.DirtiesContextTestExecutionListener, org.springframework.test.context.transaction.TransactionalTestExecutionListener, org.springframework.test.context.jdbc.SqlScriptsTestExecutionListener]
[2019-09-19 15:31:18.971] INFO [main] AbstractTestContextBootstrapper.java:177 - Using TestExecutionListeners: [org.springframework.test.context.web.ServletTestExecutionListener@6b2ea799, org.springframework.test.context.support.DirtiesContextBeforeModesTestExecutionListener@411f53a0, org.springframework.boot.test.mock.mockito.MockitoTestExecutionListener@2b71e916, org.springframework.boot.test.autoconfigure.SpringBootDependencyInjectionTestExecutionListener@36fc695d, org.springframework.test.context.support.DirtiesContextTestExecutionListener@28701274, org.springframework.test.context.transaction.TransactionalTestExecutionListener@13c9d689, org.springframework.test.context.jdbc.SqlScriptsTestExecutionListener@3754a4bf, org.springframework.boot.test.mock.mockito.ResetMocksTestExecutionListener@62379589, org.springframework.boot.test.autoconfigure.restdocs.RestDocsTestExecutionListener@4afcd809, org.springframework.boot.test.autoconfigure.web.client.MockRestServiceServerResetTestExecutionListener@175c2241, org.springframework.boot.test.autoconfigure.web.servlet.MockMvcPrintOnlyOnFailureTestExecutionListener@5bf0d49, org.springframework.boot.test.autoconfigure.web.servlet.WebDriverTestExecutionListener@5b7a5baa]
[2019-09-19 15:31:22.257] INFO [main] RepositoryConfigurationDelegate.java:244 - Multiple Spring Data modules found, entering strict repository configuration mode!
[2019-09-19 15:31:22.262] INFO [main] RepositoryConfigurationDelegate.java:126 - Bootstrapping Spring Data repositories in DEFAULT mode.
[2019-09-19 15:31:22.328] INFO [main] RepositoryConfigurationDelegate.java:182 - Finished Spring Data repository scanning in 41ms. Found 0 repository interfaces.
[2019-09-19 15:31:23.078] INFO [main] PostProcessorRegistrationDelegate.java:330 - Bean 'org.springframework.transaction.annotation.ProxyTransactionManagementConfiguration' of type [org.springframework.transaction.annotation.ProxyTransactionManagementConfiguration$$EnhancerBySpringCGLIB$$95b0b441] is not eligible for getting processed by all BeanPostProcessors (for example: not eligible for auto-proxying)
[2019-09-19 15:31:38.390] INFO [main] DruidDataSource.java:947 - {dataSource-1} inited
[2019-09-19 15:31:38.502] INFO [main] StdSchedulerFactory.java:1208 - Using default implementation for ThreadExecutor
[2019-09-19 15:31:38.529] INFO [main] SchedulerSignalerImpl.java:61 - Initialized Scheduler Signaller of type: class org.quartz.core.SchedulerSignalerImpl
[2019-09-19 15:31:38.529] INFO [main] QuartzScheduler.java:229 - Quartz Scheduler v.2.3.0 created.
[2019-09-19 15:31:38.531] INFO [main] RAMJobStore.java:155 - RAMJobStore initialized.
[2019-09-19 15:31:38.533] INFO [main] QuartzScheduler.java:294 - Scheduler meta-data: Quartz Scheduler (v2.3.0) 'quartzScheduler' with instanceId 'NON_CLUSTERED'
  Scheduler class: 'org.quartz.core.QuartzScheduler' - running locally.
  NOT STARTED.
  Currently in standby mode.
  Number of jobs executed: 0
  Using thread pool 'org.quartz.simpl.SimpleThreadPool' - with 10 threads.
  Using job-store 'org.quartz.simpl.RAMJobStore' - which does not support persistence. and is not clustered.

[2019-09-19 15:31:38.533] INFO [main] StdSchedulerFactory.java:1362 - Quartz scheduler 'quartzScheduler' initialized from an externally provided properties instance.
[2019-09-19 15:31:38.533] INFO [main] StdSchedulerFactory.java:1366 - Quartz scheduler version: 2.3.0
[2019-09-19 15:31:38.534] INFO [main] QuartzScheduler.java:2287 - JobFactory set to: org.springframework.scheduling.quartz.SpringBeanJobFactory@9d7ccfe
[2019-09-19 15:31:38.632] INFO [main] DruidConfig.java:174 - dao层扫描包为:com/nb/mapper/*/*.xml
[2019-09-19 15:31:41.029] INFO [main] ExecutorConfigurationSupport.java:171 - Initializing ExecutorService 'applicationTaskExecutor'
[2019-09-19 15:31:41.960] INFO [main] ExecutorConfigurationSupport.java:171 - Initializing ExecutorService 'taskScheduler'
[2019-09-19 15:31:42.088] INFO [main] SchedulerFactoryBean.java:726 - Starting Quartz Scheduler now
[2019-09-19 15:31:42.088] INFO [main] QuartzScheduler.java:547 - Scheduler quartzScheduler_$_NON_CLUSTERED started.
[2019-09-19 15:31:42.451] INFO [Thread-2] QuartzScheduler.java:585 - Scheduler quartzScheduler_$_NON_CLUSTERED paused.
[2019-09-19 15:31:42.452] INFO [Thread-2] ExecutorConfigurationSupport.java:208 - Shutting down ExecutorService 'taskScheduler'
[2019-09-19 15:31:42.454] INFO [Thread-2] ExecutorConfigurationSupport.java:208 - Shutting down ExecutorService 'applicationTaskExecutor'
[2019-09-19 15:31:42.493] INFO [Thread-2] SchedulerFactoryBean.java:844 - Shutting down Quartz Scheduler
[2019-09-19 15:31:42.493] INFO [Thread-2] QuartzScheduler.java:666 - Scheduler quartzScheduler_$_NON_CLUSTERED shutting down.
[2019-09-19 15:31:42.493] INFO [Thread-2] QuartzScheduler.java:585 - Scheduler quartzScheduler_$_NON_CLUSTERED paused.
[2019-09-19 15:31:42.497] INFO [Thread-2] QuartzScheduler.java:740 - Scheduler quartzScheduler_$_NON_CLUSTERED shutdown complete.
[2019-09-19 15:31:42.499] INFO [Thread-2] DruidDataSource.java:1863 - {dataSource-1} closed
[2019-09-19 15:32:12.987] INFO [main] AbstractTestContextBootstrapper.java:308 - Neither @ContextConfiguration nor @ContextHierarchy found for test class [com.nb.NbWaterMeterCollectionApplicationTests], using SpringBootContextLoader
[2019-09-19 15:32:13.000] INFO [main] AbstractContextLoader.java:264 - Could not detect default resource locations for test class [com.nb.NbWaterMeterCollectionApplicationTests]: no resource found for suffixes {-context.xml, Context.groovy}.
[2019-09-19 15:32:13.430] INFO [main] AbstractTestContextBootstrapper.java:248 - Loaded default TestExecutionListener class names from location [META-INF/spring.factories]: [org.springframework.boot.test.mock.mockito.MockitoTestExecutionListener, org.springframework.boot.test.mock.mockito.ResetMocksTestExecutionListener, org.springframework.boot.test.autoconfigure.restdocs.RestDocsTestExecutionListener, org.springframework.boot.test.autoconfigure.web.client.MockRestServiceServerResetTestExecutionListener, org.springframework.boot.test.autoconfigure.web.servlet.MockMvcPrintOnlyOnFailureTestExecutionListener, org.springframework.boot.test.autoconfigure.web.servlet.WebDriverTestExecutionListener, org.springframework.test.context.web.ServletTestExecutionListener, org.springframework.test.context.support.DirtiesContextBeforeModesTestExecutionListener, org.springframework.test.context.support.DependencyInjectionTestExecutionListener, org.springframework.test.context.support.DirtiesContextTestExecutionListener, org.springframework.test.context.transaction.TransactionalTestExecutionListener, org.springframework.test.context.jdbc.SqlScriptsTestExecutionListener]
[2019-09-19 15:32:13.471] INFO [main] AbstractTestContextBootstrapper.java:177 - Using TestExecutionListeners: [org.springframework.test.context.web.ServletTestExecutionListener@5a18cd76, org.springframework.test.context.support.DirtiesContextBeforeModesTestExecutionListener@3da30852, org.springframework.boot.test.mock.mockito.MockitoTestExecutionListener@403f0a22, org.springframework.boot.test.autoconfigure.SpringBootDependencyInjectionTestExecutionListener@503ecb24, org.springframework.test.context.support.DirtiesContextTestExecutionListener@4c51cf28, org.springframework.test.context.transaction.TransactionalTestExecutionListener@6995bf68, org.springframework.test.context.jdbc.SqlScriptsTestExecutionListener@5143c662, org.springframework.boot.test.mock.mockito.ResetMocksTestExecutionListener@77825085, org.springframework.boot.test.autoconfigure.restdocs.RestDocsTestExecutionListener@3568f9d2, org.springframework.boot.test.autoconfigure.web.client.MockRestServiceServerResetTestExecutionListener@71c27ee8, org.springframework.boot.test.autoconfigure.web.servlet.MockMvcPrintOnlyOnFailureTestExecutionListener@3e7dd664, org.springframework.boot.test.autoconfigure.web.servlet.WebDriverTestExecutionListener@5b1ebf56]
[2019-09-19 15:32:16.418] INFO [main] RepositoryConfigurationDelegate.java:244 - Multiple Spring Data modules found, entering strict repository configuration mode!
[2019-09-19 15:32:16.423] INFO [main] RepositoryConfigurationDelegate.java:126 - Bootstrapping Spring Data repositories in DEFAULT mode.
[2019-09-19 15:32:16.502] INFO [main] RepositoryConfigurationDelegate.java:182 - Finished Spring Data repository scanning in 43ms. Found 0 repository interfaces.
[2019-09-19 15:32:17.550] INFO [main] PostProcessorRegistrationDelegate.java:330 - Bean 'org.springframework.transaction.annotation.ProxyTransactionManagementConfiguration' of type [org.springframework.transaction.annotation.ProxyTransactionManagementConfiguration$$EnhancerBySpringCGLIB$$2345f38f] is not eligible for getting processed by all BeanPostProcessors (for example: not eligible for auto-proxying)
[2019-09-19 15:32:33.033] INFO [main] DruidDataSource.java:947 - {dataSource-1} inited
[2019-09-19 15:32:33.180] INFO [main] StdSchedulerFactory.java:1208 - Using default implementation for ThreadExecutor
[2019-09-19 15:32:33.221] INFO [main] SchedulerSignalerImpl.java:61 - Initialized Scheduler Signaller of type: class org.quartz.core.SchedulerSignalerImpl
[2019-09-19 15:32:33.221] INFO [main] QuartzScheduler.java:229 - Quartz Scheduler v.2.3.0 created.
[2019-09-19 15:32:33.223] INFO [main] RAMJobStore.java:155 - RAMJobStore initialized.
[2019-09-19 15:32:33.225] INFO [main] QuartzScheduler.java:294 - Scheduler meta-data: Quartz Scheduler (v2.3.0) 'quartzScheduler' with instanceId 'NON_CLUSTERED'
  Scheduler class: 'org.quartz.core.QuartzScheduler' - running locally.
  NOT STARTED.
  Currently in standby mode.
  Number of jobs executed: 0
  Using thread pool 'org.quartz.simpl.SimpleThreadPool' - with 10 threads.
  Using job-store 'org.quartz.simpl.RAMJobStore' - which does not support persistence. and is not clustered.

[2019-09-19 15:32:33.225] INFO [main] StdSchedulerFactory.java:1362 - Quartz scheduler 'quartzScheduler' initialized from an externally provided properties instance.
[2019-09-19 15:32:33.225] INFO [main] StdSchedulerFactory.java:1366 - Quartz scheduler version: 2.3.0
[2019-09-19 15:32:33.225] INFO [main] QuartzScheduler.java:2287 - JobFactory set to: org.springframework.scheduling.quartz.SpringBeanJobFactory@566f1852
[2019-09-19 15:32:33.351] INFO [main] DruidConfig.java:174 - dao层扫描包为:com/nb/mapper/*/*.xml
[2019-09-19 15:32:37.458] INFO [main] ExecutorConfigurationSupport.java:171 - Initializing ExecutorService 'applicationTaskExecutor'
[2019-09-19 15:32:39.152] INFO [main] ExecutorConfigurationSupport.java:171 - Initializing ExecutorService 'taskScheduler'
[2019-09-19 15:32:39.331] INFO [main] SchedulerFactoryBean.java:726 - Starting Quartz Scheduler now
[2019-09-19 15:32:39.331] INFO [main] QuartzScheduler.java:547 - Scheduler quartzScheduler_$_NON_CLUSTERED started.
[2019-09-19 15:32:49.501] INFO [Thread-2] QuartzScheduler.java:585 - Scheduler quartzScheduler_$_NON_CLUSTERED paused.
[2019-09-19 15:32:49.512] INFO [Thread-2] ExecutorConfigurationSupport.java:208 - Shutting down ExecutorService 'taskScheduler'
[2019-09-19 15:32:49.522] INFO [Thread-2] ExecutorConfigurationSupport.java:208 - Shutting down ExecutorService 'applicationTaskExecutor'
[2019-09-19 15:32:49.621] INFO [Thread-2] SchedulerFactoryBean.java:844 - Shutting down Quartz Scheduler
[2019-09-19 15:32:49.621] INFO [Thread-2] QuartzScheduler.java:666 - Scheduler quartzScheduler_$_NON_CLUSTERED shutting down.
[2019-09-19 15:32:49.621] INFO [Thread-2] QuartzScheduler.java:585 - Scheduler quartzScheduler_$_NON_CLUSTERED paused.
[2019-09-19 15:32:49.623] INFO [Thread-2] QuartzScheduler.java:740 - Scheduler quartzScheduler_$_NON_CLUSTERED shutdown complete.
[2019-09-19 15:32:49.627] INFO [Thread-2] DruidDataSource.java:1863 - {dataSource-1} closed
